2023-08-15 01:17:32	/var/www/jdr/wiki/lib/tpl/ad-hominem/rest/pageinfo.php(36)	E_WARNING: Undefined array key "title"
  #0 /var/www/jdr/wiki/lib/tpl/ad-hominem/rest/pageinfo.php(36): dokuwiki\ErrorHandler::errorHandler(2, 'Undefined array...', '/var/www/jdr/wi...', 36)
  #1 {main}
2023-08-15 01:17:34	/var/www/jdr/wiki/lib/tpl/ad-hominem/rest/pageinfo.php(36)	E_WARNING: Undefined array key "title"
  #0 /var/www/jdr/wiki/lib/tpl/ad-hominem/rest/pageinfo.php(36): dokuwiki\ErrorHandler::errorHandler(2, 'Undefined array...', '/var/www/jdr/wi...', 36)
  #1 {main}
2023-08-15 01:17:34	/var/www/jdr/wiki/lib/tpl/ad-hominem/rest/pageinfo.php(36)	E_WARNING: Undefined array key "title"
  #0 /var/www/jdr/wiki/lib/tpl/ad-hominem/rest/pageinfo.php(36): dokuwiki\ErrorHandler::errorHandler(2, 'Undefined array...', '/var/www/jdr/wi...', 36)
  #1 {main}
2023-08-15 01:17:45	/var/www/jdr/wiki/lib/tpl/ad-hominem/rest/pageinfo.php(36)	E_WARNING: Undefined array key "title"
  #0 /var/www/jdr/wiki/lib/tpl/ad-hominem/rest/pageinfo.php(36): dokuwiki\ErrorHandler::errorHandler(2, 'Undefined array...', '/var/www/jdr/wi...', 36)
  #1 {main}
2023-08-15 01:36:54	/var/www/jdr/wiki/lib/tpl/ad-hominem/rest/pageinfo.php(36)	E_WARNING: Undefined array key "title"
  #0 /var/www/jdr/wiki/lib/tpl/ad-hominem/rest/pageinfo.php(36): dokuwiki\ErrorHandler::errorHandler(2, 'Undefined array...', '/var/www/jdr/wi...', 36)
  #1 {main}
2023-08-15 02:26:18	/var/www/jdr/wiki/lib/tpl/ad-hominem/rest/pageinfo.php(36)	E_WARNING: Undefined array key "title"
  #0 /var/www/jdr/wiki/lib/tpl/ad-hominem/rest/pageinfo.php(36): dokuwiki\ErrorHandler::errorHandler(2, 'Undefined array...', '/var/www/jdr/wi...', 36)
  #1 {main}
2023-08-15 02:28:11	/var/www/jdr/wiki/lib/tpl/ad-hominem/rest/pageinfo.php(36)	E_WARNING: Undefined array key "title"
  #0 /var/www/jdr/wiki/lib/tpl/ad-hominem/rest/pageinfo.php(36): dokuwiki\ErrorHandler::errorHandler(2, 'Undefined array...', '/var/www/jdr/wi...', 36)
  #1 {main}
2023-08-15 02:33:37	/var/www/jdr/wiki/lib/tpl/ad-hominem/rest/pageinfo.php(36)	E_WARNING: Undefined array key "title"
  #0 /var/www/jdr/wiki/lib/tpl/ad-hominem/rest/pageinfo.php(36): dokuwiki\ErrorHandler::errorHandler(2, 'Undefined array...', '/var/www/jdr/wi...', 36)
  #1 {main}
2023-08-15 02:34:16	/var/www/jdr/wiki/lib/tpl/ad-hominem/rest/pageinfo.php(36)	E_WARNING: Undefined array key "title"
  #0 /var/www/jdr/wiki/lib/tpl/ad-hominem/rest/pageinfo.php(36): dokuwiki\ErrorHandler::errorHandler(2, 'Undefined array...', '/var/www/jdr/wi...', 36)
  #1 {main}
2023-08-15 02:34:23	/var/www/jdr/wiki/lib/tpl/ad-hominem/rest/pageinfo.php(36)	E_WARNING: Undefined array key "title"
  #0 /var/www/jdr/wiki/lib/tpl/ad-hominem/rest/pageinfo.php(36): dokuwiki\ErrorHandler::errorHandler(2, 'Undefined array...', '/var/www/jdr/wi...', 36)
  #1 {main}
2023-08-15 02:34:34	/var/www/jdr/wiki/lib/tpl/ad-hominem/rest/pageinfo.php(36)	E_WARNING: Undefined array key "title"
  #0 /var/www/jdr/wiki/lib/tpl/ad-hominem/rest/pageinfo.php(36): dokuwiki\ErrorHandler::errorHandler(2, 'Undefined array...', '/var/www/jdr/wi...', 36)
  #1 {main}
2023-08-15 03:00:51	/var/www/jdr/wiki/lib/tpl/ad-hominem/rest/pageinfo.php(36)	E_WARNING: Undefined array key "title"
  #0 /var/www/jdr/wiki/lib/tpl/ad-hominem/rest/pageinfo.php(36): dokuwiki\ErrorHandler::errorHandler(2, 'Undefined array...', '/var/www/jdr/wi...', 36)
  #1 {main}
2023-08-15 03:00:52	/var/www/jdr/wiki/lib/tpl/ad-hominem/rest/pageinfo.php(36)	E_WARNING: Undefined array key "title"
  #0 /var/www/jdr/wiki/lib/tpl/ad-hominem/rest/pageinfo.php(36): dokuwiki\ErrorHandler::errorHandler(2, 'Undefined array...', '/var/www/jdr/wi...', 36)
  #1 {main}
2023-08-15 03:02:19	/var/www/jdr/wiki/lib/tpl/ad-hominem/rest/pageinfo.php(36)	E_WARNING: Undefined array key "title"
  #0 /var/www/jdr/wiki/lib/tpl/ad-hominem/rest/pageinfo.php(36): dokuwiki\ErrorHandler::errorHandler(2, 'Undefined array...', '/var/www/jdr/wi...', 36)
  #1 {main}
2023-08-15 03:03:26	/var/www/jdr/wiki/lib/tpl/ad-hominem/rest/pageinfo.php(36)	E_WARNING: Undefined array key "title"
  #0 /var/www/jdr/wiki/lib/tpl/ad-hominem/rest/pageinfo.php(36): dokuwiki\ErrorHandler::errorHandler(2, 'Undefined array...', '/var/www/jdr/wi...', 36)
  #1 {main}
2023-08-15 03:03:29	/var/www/jdr/wiki/lib/tpl/ad-hominem/rest/pageinfo.php(36)	E_WARNING: Undefined array key "title"
  #0 /var/www/jdr/wiki/lib/tpl/ad-hominem/rest/pageinfo.php(36): dokuwiki\ErrorHandler::errorHandler(2, 'Undefined array...', '/var/www/jdr/wi...', 36)
  #1 {main}
2023-08-15 03:04:29	/var/www/jdr/wiki/lib/tpl/ad-hominem/rest/pageinfo.php(36)	E_WARNING: Undefined array key "title"
  #0 /var/www/jdr/wiki/lib/tpl/ad-hominem/rest/pageinfo.php(36): dokuwiki\ErrorHandler::errorHandler(2, 'Undefined array...', '/var/www/jdr/wi...', 36)
  #1 {main}
2023-08-15 09:07:35	/var/www/jdr/wiki/lib/tpl/ad-hominem/rest/pageinfo.php(72)	E_WARNING: Undefined array key 2
  #0 /var/www/jdr/wiki/lib/tpl/ad-hominem/rest/pageinfo.php(72): dokuwiki\ErrorHandler::errorHandler(2, 'Undefined array...', '/var/www/jdr/wi...', 72)
  #1 {main}
2023-08-15 09:07:35	/var/www/jdr/wiki/lib/tpl/ad-hominem/rest/pageinfo.php(73)	E_WARNING: Undefined array key 2
  #0 /var/www/jdr/wiki/lib/tpl/ad-hominem/rest/pageinfo.php(73): dokuwiki\ErrorHandler::errorHandler(2, 'Undefined array...', '/var/www/jdr/wi...', 73)
  #1 {main}
2023-08-15 09:56:24	/var/www/jdr/wiki/lib/tpl/ad-hominem/rest/pageinfo.php(36)	E_WARNING: Undefined array key "title"
  #0 /var/www/jdr/wiki/lib/tpl/ad-hominem/rest/pageinfo.php(36): dokuwiki\ErrorHandler::errorHandler(2, 'Undefined array...', '/var/www/jdr/wi...', 36)
  #1 {main}
2023-08-15 09:56:25	/var/www/jdr/wiki/lib/tpl/ad-hominem/rest/pageinfo.php(36)	E_WARNING: Undefined array key "title"
  #0 /var/www/jdr/wiki/lib/tpl/ad-hominem/rest/pageinfo.php(36): dokuwiki\ErrorHandler::errorHandler(2, 'Undefined array...', '/var/www/jdr/wi...', 36)
  #1 {main}
2023-08-15 09:56:25	/var/www/jdr/wiki/lib/tpl/ad-hominem/rest/pageinfo.php(36)	E_WARNING: Undefined array key "title"
  #0 /var/www/jdr/wiki/lib/tpl/ad-hominem/rest/pageinfo.php(36): dokuwiki\ErrorHandler::errorHandler(2, 'Undefined array...', '/var/www/jdr/wi...', 36)
  #1 {main}
2023-08-15 09:56:40	/var/www/jdr/wiki/lib/tpl/ad-hominem/rest/pageinfo.php(36)	E_WARNING: Undefined array key "title"
  #0 /var/www/jdr/wiki/lib/tpl/ad-hominem/rest/pageinfo.php(36): dokuwiki\ErrorHandler::errorHandler(2, 'Undefined array...', '/var/www/jdr/wi...', 36)
  #1 {main}
2023-08-15 09:57:13	/var/www/jdr/wiki/lib/tpl/ad-hominem/rest/pageinfo.php(36)	E_WARNING: Undefined array key "title"
  #0 /var/www/jdr/wiki/lib/tpl/ad-hominem/rest/pageinfo.php(36): dokuwiki\ErrorHandler::errorHandler(2, 'Undefined array...', '/var/www/jdr/wi...', 36)
  #1 {main}
2023-08-15 09:57:49	/var/www/jdr/wiki/lib/tpl/ad-hominem/rest/pageinfo.php(36)	E_WARNING: Undefined array key "title"
  #0 /var/www/jdr/wiki/lib/tpl/ad-hominem/rest/pageinfo.php(36): dokuwiki\ErrorHandler::errorHandler(2, 'Undefined array...', '/var/www/jdr/wi...', 36)
  #1 {main}
2023-08-15 09:57:55	/var/www/jdr/wiki/lib/tpl/ad-hominem/rest/pageinfo.php(72)	E_WARNING: Undefined array key 2
  #0 /var/www/jdr/wiki/lib/tpl/ad-hominem/rest/pageinfo.php(72): dokuwiki\ErrorHandler::errorHandler(2, 'Undefined array...', '/var/www/jdr/wi...', 72)
  #1 {main}
2023-08-15 09:57:55	/var/www/jdr/wiki/lib/tpl/ad-hominem/rest/pageinfo.php(73)	E_WARNING: Undefined array key 2
  #0 /var/www/jdr/wiki/lib/tpl/ad-hominem/rest/pageinfo.php(73): dokuwiki\ErrorHandler::errorHandler(2, 'Undefined array...', '/var/www/jdr/wi...', 73)
  #1 {main}
2023-08-15 09:58:01	/var/www/jdr/wiki/lib/tpl/ad-hominem/rest/pageinfo.php(72)	E_WARNING: Undefined array key 2
  #0 /var/www/jdr/wiki/lib/tpl/ad-hominem/rest/pageinfo.php(72): dokuwiki\ErrorHandler::errorHandler(2, 'Undefined array...', '/var/www/jdr/wi...', 72)
  #1 {main}
2023-08-15 09:58:01	/var/www/jdr/wiki/lib/tpl/ad-hominem/rest/pageinfo.php(73)	E_WARNING: Undefined array key 2
  #0 /var/www/jdr/wiki/lib/tpl/ad-hominem/rest/pageinfo.php(73): dokuwiki\ErrorHandler::errorHandler(2, 'Undefined array...', '/var/www/jdr/wi...', 73)
  #1 {main}
2023-08-15 09:58:55	/var/www/jdr/wiki/lib/tpl/ad-hominem/rest/pageinfo.php(71)	TypeError: Cannot access offset of type string on string
  #0 {main}
2023-08-15 09:59:05	/var/www/jdr/wiki/lib/tpl/ad-hominem/rest/pageinfo.php(72)	E_WARNING: Undefined array key 2
  #0 /var/www/jdr/wiki/lib/tpl/ad-hominem/rest/pageinfo.php(72): dokuwiki\ErrorHandler::errorHandler(2, 'Undefined array...', '/var/www/jdr/wi...', 72)
  #1 {main}
2023-08-15 09:59:05	/var/www/jdr/wiki/lib/tpl/ad-hominem/rest/pageinfo.php(73)	E_WARNING: Undefined array key 2
  #0 /var/www/jdr/wiki/lib/tpl/ad-hominem/rest/pageinfo.php(73): dokuwiki\ErrorHandler::errorHandler(2, 'Undefined array...', '/var/www/jdr/wi...', 73)
  #1 {main}
2023-08-15 09:59:09	/var/www/jdr/wiki/lib/tpl/ad-hominem/rest/pageinfo.php(71)	TypeError: Cannot access offset of type string on string
  #0 {main}
2023-08-15 10:00:50	/var/www/jdr/wiki/lib/tpl/ad-hominem/rest/pageinfo.php(36)	E_WARNING: Undefined array key "title"
  #0 /var/www/jdr/wiki/lib/tpl/ad-hominem/rest/pageinfo.php(36): dokuwiki\ErrorHandler::errorHandler(2, 'Undefined array...', '/var/www/jdr/wi...', 36)
  #1 {main}
2023-08-15 10:00:50	/var/www/jdr/wiki/lib/tpl/ad-hominem/rest/pageinfo.php(36)	E_WARNING: Undefined array key "title"
  #0 /var/www/jdr/wiki/lib/tpl/ad-hominem/rest/pageinfo.php(36): dokuwiki\ErrorHandler::errorHandler(2, 'Undefined array...', '/var/www/jdr/wi...', 36)
  #1 {main}
2023-08-15 10:00:52	/var/www/jdr/wiki/lib/tpl/ad-hominem/rest/pageinfo.php(71)	TypeError: Cannot access offset of type string on string
  #0 {main}
2023-08-15 10:07:09	/var/www/jdr/wiki/lib/tpl/ad-hominem/rest/pageinfo.php(36)	E_WARNING: Undefined array key "title"
  #0 /var/www/jdr/wiki/lib/tpl/ad-hominem/rest/pageinfo.php(36): dokuwiki\ErrorHandler::errorHandler(2, 'Undefined array...', '/var/www/jdr/wi...', 36)
  #1 {main}
2023-08-15 10:07:57	/var/www/jdr/wiki/lib/tpl/ad-hominem/rest/pageinfo.php(72)	E_WARNING: Undefined array key 2
  #0 /var/www/jdr/wiki/lib/tpl/ad-hominem/rest/pageinfo.php(72): dokuwiki\ErrorHandler::errorHandler(2, 'Undefined array...', '/var/www/jdr/wi...', 72)
  #1 {main}
2023-08-15 10:07:57	/var/www/jdr/wiki/lib/tpl/ad-hominem/rest/pageinfo.php(73)	E_WARNING: Undefined array key 2
  #0 /var/www/jdr/wiki/lib/tpl/ad-hominem/rest/pageinfo.php(73): dokuwiki\ErrorHandler::errorHandler(2, 'Undefined array...', '/var/www/jdr/wi...', 73)
  #1 {main}
2023-08-15 10:08:22	/var/www/jdr/wiki/inc/ChangeLog/RevisionInfo.php(39)	E_WARNING: Undefined array key "media"
  #0 /var/www/jdr/wiki/inc/ChangeLog/RevisionInfo.php(39): dokuwiki\ErrorHandler::errorHandler(2, 'Undefined array...', '/var/www/jdr/wi...', 39)
  #1 /var/www/jdr/wiki/inc/Ui/PageDiff.php(69): dokuwiki\ChangeLog\RevisionInfo->__construct(Array)
  #2 /var/www/jdr/wiki/inc/Ui/PageDraft.php(35): dokuwiki\Ui\PageDiff->compareWith('===== Bienvenue...')
  #3 /var/www/jdr/wiki/inc/Action/Draft.php(40): dokuwiki\Ui\PageDraft->show()
  #4 /var/www/jdr/wiki/inc/template.php(100): dokuwiki\Action\Draft->tplContent()
  #5 [internal function]: tpl_content_core('draft')
  #6 /var/www/jdr/wiki/inc/Extension/Event.php(133): call_user_func_array('tpl_content_cor...', Array)
  #7 /var/www/jdr/wiki/inc/Extension/Event.php(199): dokuwiki\Extension\Event->trigger('tpl_content_cor...', true)
  #8 /var/www/jdr/wiki/inc/template.php(85): dokuwiki\Extension\Event::createAndTrigger('TPL_ACT_RENDER', 'draft', 'tpl_content_cor...')
  #9 /var/www/jdr/wiki/lib/tpl/ad-hominem/main.php(87): tpl_content(false)
  #10 /var/www/jdr/wiki/inc/actions.php(27): include('/var/www/jdr/wi...')
  #11 /var/www/jdr/wiki/doku.php(126): act_dispatch()
  #12 {main}
2023-08-15 10:10:31	/var/www/jdr/wiki/lib/tpl/ad-hominem/rest/pageinfo.php(72)	E_WARNING: Undefined array key 2
  #0 /var/www/jdr/wiki/lib/tpl/ad-hominem/rest/pageinfo.php(72): dokuwiki\ErrorHandler::errorHandler(2, 'Undefined array...', '/var/www/jdr/wi...', 72)
  #1 {main}
2023-08-15 10:10:31	/var/www/jdr/wiki/lib/tpl/ad-hominem/rest/pageinfo.php(73)	E_WARNING: Undefined array key 2
  #0 /var/www/jdr/wiki/lib/tpl/ad-hominem/rest/pageinfo.php(73): dokuwiki\ErrorHandler::errorHandler(2, 'Undefined array...', '/var/www/jdr/wi...', 73)
  #1 {main}
2023-08-15 10:10:41	/var/www/jdr/wiki/lib/tpl/ad-hominem/rest/pageinfo.php(72)	E_WARNING: Undefined array key 2
  #0 /var/www/jdr/wiki/lib/tpl/ad-hominem/rest/pageinfo.php(72): dokuwiki\ErrorHandler::errorHandler(2, 'Undefined array...', '/var/www/jdr/wi...', 72)
  #1 {main}
2023-08-15 10:10:41	/var/www/jdr/wiki/lib/tpl/ad-hominem/rest/pageinfo.php(73)	E_WARNING: Undefined array key 2
  #0 /var/www/jdr/wiki/lib/tpl/ad-hominem/rest/pageinfo.php(73): dokuwiki\ErrorHandler::errorHandler(2, 'Undefined array...', '/var/www/jdr/wi...', 73)
  #1 {main}
2023-08-15 10:15:34	/var/www/jdr/wiki/lib/tpl/ad-hominem/rest/pageinfo.php(36)	E_WARNING: Undefined array key "title"
  #0 /var/www/jdr/wiki/lib/tpl/ad-hominem/rest/pageinfo.php(36): dokuwiki\ErrorHandler::errorHandler(2, 'Undefined array...', '/var/www/jdr/wi...', 36)
  #1 {main}
2023-08-15 10:15:38	/var/www/jdr/wiki/lib/tpl/ad-hominem/rest/pageinfo.php(36)	E_WARNING: Undefined array key "title"
  #0 /var/www/jdr/wiki/lib/tpl/ad-hominem/rest/pageinfo.php(36): dokuwiki\ErrorHandler::errorHandler(2, 'Undefined array...', '/var/www/jdr/wi...', 36)
  #1 {main}
2023-08-15 14:27:46	/var/www/jdr/wiki/lib/tpl/ad-hominem/rest/pageinfo.php(36)	E_WARNING: Undefined array key "title"
  #0 /var/www/jdr/wiki/lib/tpl/ad-hominem/rest/pageinfo.php(36): dokuwiki\ErrorHandler::errorHandler(2, 'Undefined array...', '/var/www/jdr/wi...', 36)
  #1 {main}
2023-08-15 14:27:46	/var/www/jdr/wiki/lib/tpl/ad-hominem/rest/pageinfo.php(36)	E_WARNING: Undefined array key "title"
  #0 /var/www/jdr/wiki/lib/tpl/ad-hominem/rest/pageinfo.php(36): dokuwiki\ErrorHandler::errorHandler(2, 'Undefined array...', '/var/www/jdr/wi...', 36)
  #1 {main}
2023-08-15 14:27:47	/var/www/jdr/wiki/lib/tpl/ad-hominem/rest/pageinfo.php(36)	E_WARNING: Undefined array key "title"
  #0 /var/www/jdr/wiki/lib/tpl/ad-hominem/rest/pageinfo.php(36): dokuwiki\ErrorHandler::errorHandler(2, 'Undefined array...', '/var/www/jdr/wi...', 36)
  #1 {main}
2023-08-15 14:28:08	/var/www/jdr/wiki/lib/tpl/ad-hominem/rest/pageinfo.php(36)	E_WARNING: Undefined array key "title"
  #0 /var/www/jdr/wiki/lib/tpl/ad-hominem/rest/pageinfo.php(36): dokuwiki\ErrorHandler::errorHandler(2, 'Undefined array...', '/var/www/jdr/wi...', 36)
  #1 {main}
2023-08-15 14:28:23	/var/www/jdr/wiki/lib/tpl/ad-hominem/rest/pageinfo.php(36)	E_WARNING: Undefined array key "title"
  #0 /var/www/jdr/wiki/lib/tpl/ad-hominem/rest/pageinfo.php(36): dokuwiki\ErrorHandler::errorHandler(2, 'Undefined array...', '/var/www/jdr/wi...', 36)
  #1 {main}
2023-08-15 14:32:14	/var/www/jdr/wiki/lib/tpl/ad-hominem/rest/pageinfo.php(36)	E_WARNING: Undefined array key "title"
  #0 /var/www/jdr/wiki/lib/tpl/ad-hominem/rest/pageinfo.php(36): dokuwiki\ErrorHandler::errorHandler(2, 'Undefined array...', '/var/www/jdr/wi...', 36)
  #1 {main}
2023-08-15 14:32:23	/var/www/jdr/wiki/lib/tpl/ad-hominem/rest/pageinfo.php(36)	E_WARNING: Undefined array key "title"
  #0 /var/www/jdr/wiki/lib/tpl/ad-hominem/rest/pageinfo.php(36): dokuwiki\ErrorHandler::errorHandler(2, 'Undefined array...', '/var/www/jdr/wi...', 36)
  #1 {main}
2023-08-15 14:32:25	/var/www/jdr/wiki/lib/tpl/ad-hominem/rest/pageinfo.php(36)	E_WARNING: Undefined array key "title"
  #0 /var/www/jdr/wiki/lib/tpl/ad-hominem/rest/pageinfo.php(36): dokuwiki\ErrorHandler::errorHandler(2, 'Undefined array...', '/var/www/jdr/wi...', 36)
  #1 {main}
2023-08-15 14:32:28	/var/www/jdr/wiki/lib/tpl/ad-hominem/rest/pageinfo.php(36)	E_WARNING: Undefined array key "title"
  #0 /var/www/jdr/wiki/lib/tpl/ad-hominem/rest/pageinfo.php(36): dokuwiki\ErrorHandler::errorHandler(2, 'Undefined array...', '/var/www/jdr/wi...', 36)
  #1 {main}
2023-08-15 14:45:39	/var/www/jdr/wiki/lib/tpl/ad-hominem/rest/pageinfo.php(36)	E_WARNING: Undefined array key "title"
  #0 /var/www/jdr/wiki/lib/tpl/ad-hominem/rest/pageinfo.php(36): dokuwiki\ErrorHandler::errorHandler(2, 'Undefined array...', '/var/www/jdr/wi...', 36)
  #1 {main}
2023-08-15 15:18:45	/var/www/jdr/wiki/lib/tpl/ad-hominem/rest/pageinfo.php(72)	E_WARNING: Undefined array key 2
  #0 /var/www/jdr/wiki/lib/tpl/ad-hominem/rest/pageinfo.php(72): dokuwiki\ErrorHandler::errorHandler(2, 'Undefined array...', '/var/www/jdr/wi...', 72)
  #1 {main}
2023-08-15 15:18:45	/var/www/jdr/wiki/lib/tpl/ad-hominem/rest/pageinfo.php(73)	E_WARNING: Undefined array key 2
  #0 /var/www/jdr/wiki/lib/tpl/ad-hominem/rest/pageinfo.php(73): dokuwiki\ErrorHandler::errorHandler(2, 'Undefined array...', '/var/www/jdr/wi...', 73)
  #1 {main}
2023-08-15 15:18:48	/var/www/jdr/wiki/lib/tpl/ad-hominem/rest/pageinfo.php(36)	E_WARNING: Undefined array key "title"
  #0 /var/www/jdr/wiki/lib/tpl/ad-hominem/rest/pageinfo.php(36): dokuwiki\ErrorHandler::errorHandler(2, 'Undefined array...', '/var/www/jdr/wi...', 36)
  #1 {main}
2023-08-15 15:18:48	/var/www/jdr/wiki/lib/tpl/ad-hominem/rest/pageinfo.php(36)	E_WARNING: Undefined array key "title"
  #0 /var/www/jdr/wiki/lib/tpl/ad-hominem/rest/pageinfo.php(36): dokuwiki\ErrorHandler::errorHandler(2, 'Undefined array...', '/var/www/jdr/wi...', 36)
  #1 {main}
2023-08-15 15:18:48	/var/www/jdr/wiki/lib/tpl/ad-hominem/rest/pageinfo.php(36)	E_WARNING: Undefined array key "title"
  #0 /var/www/jdr/wiki/lib/tpl/ad-hominem/rest/pageinfo.php(36): dokuwiki\ErrorHandler::errorHandler(2, 'Undefined array...', '/var/www/jdr/wi...', 36)
  #1 {main}
2023-08-15 15:20:08	/var/www/jdr/wiki/lib/tpl/ad-hominem/rest/pageinfo.php(36)	E_WARNING: Undefined array key "title"
  #0 /var/www/jdr/wiki/lib/tpl/ad-hominem/rest/pageinfo.php(36): dokuwiki\ErrorHandler::errorHandler(2, 'Undefined array...', '/var/www/jdr/wi...', 36)
  #1 {main}
2023-08-15 15:20:44	/var/www/jdr/wiki/lib/tpl/ad-hominem/rest/pageinfo.php(71)	TypeError: Cannot access offset of type string on string
  #0 {main}
2023-08-15 15:20:52	/var/www/jdr/wiki/lib/tpl/ad-hominem/rest/pageinfo.php(71)	TypeError: Cannot access offset of type string on string
  #0 {main}
2023-08-15 15:20:55	/var/www/jdr/wiki/lib/tpl/ad-hominem/rest/pageinfo.php(71)	TypeError: Cannot access offset of type string on string
  #0 {main}
2023-08-15 19:34:56	/var/www/jdr/wiki/lib/tpl/ad-hominem/rest/pageinfo.php(72)	E_WARNING: Undefined array key 2
  #0 /var/www/jdr/wiki/lib/tpl/ad-hominem/rest/pageinfo.php(72): dokuwiki\ErrorHandler::errorHandler(2, 'Undefined array...', '/var/www/jdr/wi...', 72)
  #1 {main}
2023-08-15 19:34:56	/var/www/jdr/wiki/lib/tpl/ad-hominem/rest/pageinfo.php(73)	E_WARNING: Undefined array key 2
  #0 /var/www/jdr/wiki/lib/tpl/ad-hominem/rest/pageinfo.php(73): dokuwiki\ErrorHandler::errorHandler(2, 'Undefined array...', '/var/www/jdr/wi...', 73)
  #1 {main}
2023-08-15 20:41:41	/var/www/jdr/wiki/lib/tpl/ad-hominem/rest/pageinfo.php(72)	E_WARNING: Undefined array key 2
  #0 /var/www/jdr/wiki/lib/tpl/ad-hominem/rest/pageinfo.php(72): dokuwiki\ErrorHandler::errorHandler(2, 'Undefined array...', '/var/www/jdr/wi...', 72)
  #1 {main}
2023-08-15 20:41:41	/var/www/jdr/wiki/lib/tpl/ad-hominem/rest/pageinfo.php(73)	E_WARNING: Undefined array key 2
  #0 /var/www/jdr/wiki/lib/tpl/ad-hominem/rest/pageinfo.php(73): dokuwiki\ErrorHandler::errorHandler(2, 'Undefined array...', '/var/www/jdr/wi...', 73)
  #1 {main}
2023-08-15 23:29:21	/var/www/jdr/wiki/lib/tpl/ad-hominem/rest/pageinfo.php(36)	E_WARNING: Undefined array key "title"
  #0 /var/www/jdr/wiki/lib/tpl/ad-hominem/rest/pageinfo.php(36): dokuwiki\ErrorHandler::errorHandler(2, 'Undefined array...', '/var/www/jdr/wi...', 36)
  #1 {main}
2023-08-15 23:29:23	/var/www/jdr/wiki/lib/tpl/ad-hominem/rest/pageinfo.php(36)	E_WARNING: Undefined array key "title"
  #0 /var/www/jdr/wiki/lib/tpl/ad-hominem/rest/pageinfo.php(36): dokuwiki\ErrorHandler::errorHandler(2, 'Undefined array...', '/var/www/jdr/wi...', 36)
  #1 {main}
2023-08-15 23:29:25	/var/www/jdr/wiki/lib/tpl/ad-hominem/rest/pageinfo.php(36)	E_WARNING: Undefined array key "title"
  #0 /var/www/jdr/wiki/lib/tpl/ad-hominem/rest/pageinfo.php(36): dokuwiki\ErrorHandler::errorHandler(2, 'Undefined array...', '/var/www/jdr/wi...', 36)
  #1 {main}
2023-08-15 23:29:49	/var/www/jdr/wiki/lib/tpl/ad-hominem/rest/pageinfo.php(36)	E_WARNING: Undefined array key "title"
  #0 /var/www/jdr/wiki/lib/tpl/ad-hominem/rest/pageinfo.php(36): dokuwiki\ErrorHandler::errorHandler(2, 'Undefined array...', '/var/www/jdr/wi...', 36)
  #1 {main}
2023-08-15 23:29:49	/var/www/jdr/wiki/lib/tpl/ad-hominem/rest/pageinfo.php(36)	E_WARNING: Undefined array key "title"
  #0 /var/www/jdr/wiki/lib/tpl/ad-hominem/rest/pageinfo.php(36): dokuwiki\ErrorHandler::errorHandler(2, 'Undefined array...', '/var/www/jdr/wi...', 36)
  #1 {main}
2023-08-15 23:31:20	/var/www/jdr/wiki/lib/tpl/ad-hominem/rest/pageinfo.php(36)	E_WARNING: Undefined array key "title"
  #0 /var/www/jdr/wiki/lib/tpl/ad-hominem/rest/pageinfo.php(36): dokuwiki\ErrorHandler::errorHandler(2, 'Undefined array...', '/var/www/jdr/wi...', 36)
  #1 {main}
