2023-08-23 00:53:01	/var/www/jdr/wiki/feed.php(235)	E_WARNING: Undefined array key "media"
  #0 /var/www/jdr/wiki/feed.php(235): dokuwiki\ErrorHandler::errorHandler(2, 'Undefined array...', '/var/www/jdr/wi...', 235)
  #1 /var/www/jdr/wiki/feed.php(96): rss_buildItems(Object(UniversalFeedCreator), Array, Array)
  #2 {main}
2023-08-23 00:53:01	/var/www/jdr/wiki/feed.php(274)	E_WARNING: Undefined array key "media"
  #0 /var/www/jdr/wiki/feed.php(274): dokuwiki\ErrorHandler::errorHandler(2, 'Undefined array...', '/var/www/jdr/wi...', 274)
  #1 /var/www/jdr/wiki/feed.php(96): rss_buildItems(Object(UniversalFeedCreator), Array, Array)
  #2 {main}
2023-08-23 00:53:01	/var/www/jdr/wiki/feed.php(235)	E_WARNING: Undefined array key "media"
  #0 /var/www/jdr/wiki/feed.php(235): dokuwiki\ErrorHandler::errorHandler(2, 'Undefined array...', '/var/www/jdr/wi...', 235)
  #1 /var/www/jdr/wiki/feed.php(96): rss_buildItems(Object(UniversalFeedCreator), Array, Array)
  #2 {main}
2023-08-23 00:53:01	/var/www/jdr/wiki/feed.php(274)	E_WARNING: Undefined array key "media"
  #0 /var/www/jdr/wiki/feed.php(274): dokuwiki\ErrorHandler::errorHandler(2, 'Undefined array...', '/var/www/jdr/wi...', 274)
  #1 /var/www/jdr/wiki/feed.php(96): rss_buildItems(Object(UniversalFeedCreator), Array, Array)
  #2 {main}
2023-08-23 00:53:01	/var/www/jdr/wiki/feed.php(235)	E_WARNING: Undefined array key "media"
  #0 /var/www/jdr/wiki/feed.php(235): dokuwiki\ErrorHandler::errorHandler(2, 'Undefined array...', '/var/www/jdr/wi...', 235)
  #1 /var/www/jdr/wiki/feed.php(96): rss_buildItems(Object(UniversalFeedCreator), Array, Array)
  #2 {main}
2023-08-23 00:53:01	/var/www/jdr/wiki/feed.php(274)	E_WARNING: Undefined array key "media"
  #0 /var/www/jdr/wiki/feed.php(274): dokuwiki\ErrorHandler::errorHandler(2, 'Undefined array...', '/var/www/jdr/wi...', 274)
  #1 /var/www/jdr/wiki/feed.php(96): rss_buildItems(Object(UniversalFeedCreator), Array, Array)
  #2 {main}
2023-08-23 17:41:44	/var/www/jdr/wiki/lib/tpl/ad-hominem/rest/pageinfo.php(71)	TypeError: Cannot access offset of type string on string
  #0 {main}
2023-08-23 17:43:50	/var/www/jdr/wiki/lib/tpl/ad-hominem/rest/pageinfo.php(71)	TypeError: Cannot access offset of type string on string
  #0 {main}
2023-08-23 17:44:06	/var/www/jdr/wiki/lib/tpl/ad-hominem/rest/pageinfo.php(72)	E_WARNING: Undefined array key 2
  #0 /var/www/jdr/wiki/lib/tpl/ad-hominem/rest/pageinfo.php(72): dokuwiki\ErrorHandler::errorHandler(2, 'Undefined array...', '/var/www/jdr/wi...', 72)
  #1 {main}
2023-08-23 17:44:07	/var/www/jdr/wiki/lib/tpl/ad-hominem/rest/pageinfo.php(73)	E_WARNING: Undefined array key 2
  #0 /var/www/jdr/wiki/lib/tpl/ad-hominem/rest/pageinfo.php(73): dokuwiki\ErrorHandler::errorHandler(2, 'Undefined array...', '/var/www/jdr/wi...', 73)
  #1 {main}
2023-08-23 17:45:50	/var/www/jdr/wiki/lib/tpl/ad-hominem/rest/pageinfo.php(71)	TypeError: Cannot access offset of type string on string
  #0 {main}
2023-08-23 17:48:52	/var/www/jdr/wiki/inc/ChangeLog/RevisionInfo.php(39)	E_WARNING: Undefined array key "media"
  #0 /var/www/jdr/wiki/inc/ChangeLog/RevisionInfo.php(39): dokuwiki\ErrorHandler::errorHandler(2, 'Undefined array...', '/var/www/jdr/wi...', 39)
  #1 /var/www/jdr/wiki/inc/Ui/PageDiff.php(69): dokuwiki\ChangeLog\RevisionInfo->__construct(Array)
  #2 /var/www/jdr/wiki/inc/Ui/PageConflict.php(60): dokuwiki\Ui\PageDiff->compareWith('===== Ma\xC3\xAEtre d...')
  #3 /var/www/jdr/wiki/inc/Action/Conflict.php(36): dokuwiki\Ui\PageConflict->show()
  #4 /var/www/jdr/wiki/inc/template.php(100): dokuwiki\Action\Conflict->tplContent()
  #5 [internal function]: tpl_content_core('conflict')
  #6 /var/www/jdr/wiki/inc/Extension/Event.php(133): call_user_func_array('tpl_content_cor...', Array)
  #7 /var/www/jdr/wiki/inc/Extension/Event.php(199): dokuwiki\Extension\Event->trigger('tpl_content_cor...', true)
  #8 /var/www/jdr/wiki/inc/template.php(85): dokuwiki\Extension\Event::createAndTrigger('TPL_ACT_RENDER', 'conflict', 'tpl_content_cor...')
  #9 /var/www/jdr/wiki/lib/tpl/ad-hominem/main.php(87): tpl_content(false)
  #10 /var/www/jdr/wiki/inc/actions.php(27): include('/var/www/jdr/wi...')
  #11 /var/www/jdr/wiki/doku.php(126): act_dispatch()
  #12 {main}
2023-08-23 17:50:53	/var/www/jdr/wiki/lib/tpl/ad-hominem/rest/pageinfo.php(72)	E_WARNING: Undefined array key 2
  #0 /var/www/jdr/wiki/lib/tpl/ad-hominem/rest/pageinfo.php(72): dokuwiki\ErrorHandler::errorHandler(2, 'Undefined array...', '/var/www/jdr/wi...', 72)
  #1 {main}
2023-08-23 17:50:53	/var/www/jdr/wiki/lib/tpl/ad-hominem/rest/pageinfo.php(73)	E_WARNING: Undefined array key 2
  #0 /var/www/jdr/wiki/lib/tpl/ad-hominem/rest/pageinfo.php(73): dokuwiki\ErrorHandler::errorHandler(2, 'Undefined array...', '/var/www/jdr/wi...', 73)
  #1 {main}
2023-08-23 17:51:28	/var/www/jdr/wiki/lib/tpl/ad-hominem/rest/pageinfo.php(71)	TypeError: Cannot access offset of type string on string
  #0 {main}
2023-08-23 17:58:00	/var/www/jdr/wiki/lib/tpl/ad-hominem/rest/pageinfo.php(71)	TypeError: Cannot access offset of type string on string
  #0 {main}
2023-08-23 17:59:04	/var/www/jdr/wiki/lib/tpl/ad-hominem/rest/pageinfo.php(71)	TypeError: Cannot access offset of type string on string
  #0 {main}
2023-08-23 17:59:11	/var/www/jdr/wiki/lib/tpl/ad-hominem/rest/pageinfo.php(72)	E_WARNING: Undefined array key 2
  #0 /var/www/jdr/wiki/lib/tpl/ad-hominem/rest/pageinfo.php(72): dokuwiki\ErrorHandler::errorHandler(2, 'Undefined array...', '/var/www/jdr/wi...', 72)
  #1 {main}
2023-08-23 17:59:11	/var/www/jdr/wiki/lib/tpl/ad-hominem/rest/pageinfo.php(73)	E_WARNING: Undefined array key 2
  #0 /var/www/jdr/wiki/lib/tpl/ad-hominem/rest/pageinfo.php(73): dokuwiki\ErrorHandler::errorHandler(2, 'Undefined array...', '/var/www/jdr/wi...', 73)
  #1 {main}
2023-08-23 17:59:15	/var/www/jdr/wiki/lib/tpl/ad-hominem/rest/pageinfo.php(71)	TypeError: Cannot access offset of type string on string
  #0 {main}
2023-08-23 18:06:08	/var/www/jdr/wiki/lib/tpl/ad-hominem/rest/pageinfo.php(72)	E_WARNING: Undefined array key 2
  #0 /var/www/jdr/wiki/lib/tpl/ad-hominem/rest/pageinfo.php(72): dokuwiki\ErrorHandler::errorHandler(2, 'Undefined array...', '/var/www/jdr/wi...', 72)
  #1 {main}
2023-08-23 18:06:08	/var/www/jdr/wiki/lib/tpl/ad-hominem/rest/pageinfo.php(73)	E_WARNING: Undefined array key 2
  #0 /var/www/jdr/wiki/lib/tpl/ad-hominem/rest/pageinfo.php(73): dokuwiki\ErrorHandler::errorHandler(2, 'Undefined array...', '/var/www/jdr/wi...', 73)
  #1 {main}
2023-08-23 20:31:12	/var/www/jdr/wiki/lib/tpl/ad-hominem/rest/pageinfo.php(36)	E_WARNING: Undefined array key "title"
  #0 /var/www/jdr/wiki/lib/tpl/ad-hominem/rest/pageinfo.php(36): dokuwiki\ErrorHandler::errorHandler(2, 'Undefined array...', '/var/www/jdr/wi...', 36)
  #1 {main}
2023-08-23 20:45:00	/var/www/jdr/wiki/lib/tpl/ad-hominem/rest/pageinfo.php(72)	E_WARNING: Undefined array key 2
  #0 /var/www/jdr/wiki/lib/tpl/ad-hominem/rest/pageinfo.php(72): dokuwiki\ErrorHandler::errorHandler(2, 'Undefined array...', '/var/www/jdr/wi...', 72)
  #1 {main}
2023-08-23 20:45:00	/var/www/jdr/wiki/lib/tpl/ad-hominem/rest/pageinfo.php(73)	E_WARNING: Undefined array key 2
  #0 /var/www/jdr/wiki/lib/tpl/ad-hominem/rest/pageinfo.php(73): dokuwiki\ErrorHandler::errorHandler(2, 'Undefined array...', '/var/www/jdr/wi...', 73)
  #1 {main}
2023-08-23 21:31:16	/var/www/jdr/wiki/lib/tpl/ad-hominem/rest/pageinfo.php(72)	E_WARNING: Undefined array key 2
  #0 /var/www/jdr/wiki/lib/tpl/ad-hominem/rest/pageinfo.php(72): dokuwiki\ErrorHandler::errorHandler(2, 'Undefined array...', '/var/www/jdr/wi...', 72)
  #1 {main}
2023-08-23 21:31:16	/var/www/jdr/wiki/lib/tpl/ad-hominem/rest/pageinfo.php(73)	E_WARNING: Undefined array key 2
  #0 /var/www/jdr/wiki/lib/tpl/ad-hominem/rest/pageinfo.php(73): dokuwiki\ErrorHandler::errorHandler(2, 'Undefined array...', '/var/www/jdr/wi...', 73)
  #1 {main}
2023-08-23 22:22:39	/var/www/jdr/wiki/lib/tpl/ad-hominem/rest/pageinfo.php(72)	E_WARNING: Undefined array key 2
  #0 /var/www/jdr/wiki/lib/tpl/ad-hominem/rest/pageinfo.php(72): dokuwiki\ErrorHandler::errorHandler(2, 'Undefined array...', '/var/www/jdr/wi...', 72)
  #1 {main}
2023-08-23 22:22:39	/var/www/jdr/wiki/lib/tpl/ad-hominem/rest/pageinfo.php(73)	E_WARNING: Undefined array key 2
  #0 /var/www/jdr/wiki/lib/tpl/ad-hominem/rest/pageinfo.php(73): dokuwiki\ErrorHandler::errorHandler(2, 'Undefined array...', '/var/www/jdr/wi...', 73)
  #1 {main}
2023-08-23 22:52:38	/var/www/jdr/wiki/lib/tpl/ad-hominem/rest/pageinfo.php(72)	E_WARNING: Undefined array key 2
  #0 /var/www/jdr/wiki/lib/tpl/ad-hominem/rest/pageinfo.php(72): dokuwiki\ErrorHandler::errorHandler(2, 'Undefined array...', '/var/www/jdr/wi...', 72)
  #1 {main}
2023-08-23 22:52:38	/var/www/jdr/wiki/lib/tpl/ad-hominem/rest/pageinfo.php(73)	E_WARNING: Undefined array key 2
  #0 /var/www/jdr/wiki/lib/tpl/ad-hominem/rest/pageinfo.php(73): dokuwiki\ErrorHandler::errorHandler(2, 'Undefined array...', '/var/www/jdr/wi...', 73)
  #1 {main}
2023-08-23 23:05:13	/var/www/jdr/wiki/lib/tpl/ad-hominem/rest/pageinfo.php(72)	E_WARNING: Undefined array key 2
  #0 /var/www/jdr/wiki/lib/tpl/ad-hominem/rest/pageinfo.php(72): dokuwiki\ErrorHandler::errorHandler(2, 'Undefined array...', '/var/www/jdr/wi...', 72)
  #1 {main}
2023-08-23 23:05:13	/var/www/jdr/wiki/lib/tpl/ad-hominem/rest/pageinfo.php(73)	E_WARNING: Undefined array key 2
  #0 /var/www/jdr/wiki/lib/tpl/ad-hominem/rest/pageinfo.php(73): dokuwiki\ErrorHandler::errorHandler(2, 'Undefined array...', '/var/www/jdr/wi...', 73)
  #1 {main}
2023-08-23 23:07:09	/var/www/jdr/wiki/lib/tpl/ad-hominem/rest/pageinfo.php(72)	E_WARNING: Undefined array key 2
  #0 /var/www/jdr/wiki/lib/tpl/ad-hominem/rest/pageinfo.php(72): dokuwiki\ErrorHandler::errorHandler(2, 'Undefined array...', '/var/www/jdr/wi...', 72)
  #1 {main}
2023-08-23 23:07:09	/var/www/jdr/wiki/lib/tpl/ad-hominem/rest/pageinfo.php(73)	E_WARNING: Undefined array key 2
  #0 /var/www/jdr/wiki/lib/tpl/ad-hominem/rest/pageinfo.php(73): dokuwiki\ErrorHandler::errorHandler(2, 'Undefined array...', '/var/www/jdr/wi...', 73)
  #1 {main}
2023-08-23 23:08:56	/var/www/jdr/wiki/lib/tpl/ad-hominem/rest/pageinfo.php(72)	E_WARNING: Undefined array key 2
  #0 /var/www/jdr/wiki/lib/tpl/ad-hominem/rest/pageinfo.php(72): dokuwiki\ErrorHandler::errorHandler(2, 'Undefined array...', '/var/www/jdr/wi...', 72)
  #1 {main}
2023-08-23 23:08:56	/var/www/jdr/wiki/lib/tpl/ad-hominem/rest/pageinfo.php(73)	E_WARNING: Undefined array key 2
  #0 /var/www/jdr/wiki/lib/tpl/ad-hominem/rest/pageinfo.php(73): dokuwiki\ErrorHandler::errorHandler(2, 'Undefined array...', '/var/www/jdr/wi...', 73)
  #1 {main}
2023-08-23 23:55:41	/var/www/jdr/wiki/lib/tpl/ad-hominem/rest/pageinfo.php(72)	E_WARNING: Undefined array key 2
  #0 /var/www/jdr/wiki/lib/tpl/ad-hominem/rest/pageinfo.php(72): dokuwiki\ErrorHandler::errorHandler(2, 'Undefined array...', '/var/www/jdr/wi...', 72)
  #1 {main}
2023-08-23 23:55:41	/var/www/jdr/wiki/lib/tpl/ad-hominem/rest/pageinfo.php(73)	E_WARNING: Undefined array key 2
  #0 /var/www/jdr/wiki/lib/tpl/ad-hominem/rest/pageinfo.php(73): dokuwiki\ErrorHandler::errorHandler(2, 'Undefined array...', '/var/www/jdr/wi...', 73)
  #1 {main}
